{"__type":"$$EventMessageAudit","id":"fb42a669-7ea7-48f7-ad73-659f33eaf893","ts":"2025-02-06T18:35:01.332+00:00","eventName":"n8n.audit.user.credentials.created","message":"n8n.audit.user.credentials.created","payload":{"userId":"8d66868b-4fda-45d9-839d-e26ce91f0c5b","_email":"cong.liu@childrens.harvard.edu","_firstName":"Admin","_lastName":"Admin","globalRole":"global:owner","credentialType":"googleDriveOAuth2Api","credentialId":"ViI2OskUkTkiOdlp","publicApi":false,"projectId":"N5C5GnJcMggbScMh","projectType":"personal"}}
{"__type":"$$EventMessageConfirm","confirm":"fb42a669-7ea7-48f7-ad73-659f33eaf893","ts":"2025-02-06T18:35:01.333+00:00","source":{"id":"0","name":"eventBus"}}
{"__type":"$$EventMessageAudit","id":"4baebbe4-39d3-4f76-b6aa-90b3a412c81c","ts":"2025-02-06T18:37:32.582+00:00","eventName":"n8n.audit.user.credentials.deleted","message":"n8n.audit.user.credentials.deleted","payload":{"userId":"8d66868b-4fda-45d9-839d-e26ce91f0c5b","_email":"cong.liu@childrens.harvard.edu","_firstName":"Admin","_lastName":"Admin","globalRole":"global:owner","credentialType":"googleDriveOAuth2Api","credentialId":"ViI2OskUkTkiOdlp"}}
{"__type":"$$EventMessageConfirm","confirm":"4baebbe4-39d3-4f76-b6aa-90b3a412c81c","ts":"2025-02-06T18:37:32.582+00:00","source":{"id":"0","name":"eventBus"}}
{"__type":"$$EventMessageAudit","id":"583c92b3-839d-4d45-b50d-4bb5089eec6a","ts":"2025-02-06T18:40:25.463+00:00","eventName":"n8n.audit.user.credentials.created","message":"n8n.audit.user.credentials.created","payload":{"userId":"8d66868b-4fda-45d9-839d-e26ce91f0c5b","_email":"cong.liu@childrens.harvard.edu","_firstName":"Admin","_lastName":"Admin","globalRole":"global:owner","credentialType":"googleDriveOAuth2Api","credentialId":"I3hmqDx9GrHvpw0Y","publicApi":false,"projectId":"N5C5GnJcMggbScMh","projectType":"personal"}}
{"__type":"$$EventMessageConfirm","confirm":"583c92b3-839d-4d45-b50d-4bb5089eec6a","ts":"2025-02-06T18:40:25.464+00:00","source":{"id":"0","name":"eventBus"}}
{"__type":"$$EventMessageWorkflow","id":"ac55bb2a-7dbd-4f00-8620-e41c80428e51","ts":"2025-02-06T18:47:28.131+00:00","eventName":"n8n.workflow.started","message":"n8n.workflow.started","payload":{"executionId":"10","isManual":false}}
{"__type":"$$EventMessageConfirm","confirm":"ac55bb2a-7dbd-4f00-8620-e41c80428e51","ts":"2025-02-06T18:47:28.131+00:00","source":{"id":"0","name":"eventBus"}}
{"__type":"$$EventMessageNode","id":"0c53c12e-02b5-465b-8d9d-d6d0b5bbe24e","ts":"2025-02-06T18:47:28.132+00:00","eventName":"n8n.node.started","message":"n8n.node.started","payload":{"workflowId":"OXkAGAkK9vTFdr3m","workflowName":"Knowledge Update Agent","executionId":"10","nodeType":"n8n-nodes-base.googleDriveTrigger","nodeName":"Google Drive Trigger"}}
{"__type":"$$EventMessageConfirm","confirm":"0c53c12e-02b5-465b-8d9d-d6d0b5bbe24e","ts":"2025-02-06T18:47:28.132+00:00","source":{"id":"0","name":"eventBus"}}
{"__type":"$$EventMessageNode","id":"13b65144-40ae-41d7-8087-92d15cf94dbe","ts":"2025-02-06T18:47:28.626+00:00","eventName":"n8n.node.finished","message":"n8n.node.finished","payload":{"workflowId":"OXkAGAkK9vTFdr3m","workflowName":"Knowledge Update Agent","executionId":"10","nodeType":"n8n-nodes-base.googleDriveTrigger","nodeName":"Google Drive Trigger"}}
{"__type":"$$EventMessageConfirm","confirm":"13b65144-40ae-41d7-8087-92d15cf94dbe","ts":"2025-02-06T18:47:28.626+00:00","source":{"id":"0","name":"eventBus"}}
{"__type":"$$EventMessageWorkflow","id":"2a0a2e1a-18ce-46f7-bf1d-efe341f163fc","ts":"2025-02-06T18:47:28.661+00:00","eventName":"n8n.workflow.success","message":"n8n.workflow.success","payload":{"executionId":"10","userId":"8d66868b-4fda-45d9-839d-e26ce91f0c5b","success":true,"isManual":true,"workflowId":"OXkAGAkK9vTFdr3m","workflowName":"Knowledge Update Agent"}}
{"__type":"$$EventMessageConfirm","confirm":"2a0a2e1a-18ce-46f7-bf1d-efe341f163fc","ts":"2025-02-06T18:47:28.661+00:00","source":{"id":"0","name":"eventBus"}}
{"__type":"$$EventMessageWorkflow","id":"74eb1400-7836-464d-b2a5-d9a34a87388f","ts":"2025-02-06T18:48:42.393+00:00","eventName":"n8n.workflow.started","message":"n8n.workflow.started","payload":{"executionId":"11","isManual":false}}
{"__type":"$$EventMessageConfirm","confirm":"74eb1400-7836-464d-b2a5-d9a34a87388f","ts":"2025-02-06T18:48:42.393+00:00","source":{"id":"0","name":"eventBus"}}
{"__type":"$$EventMessageNode","id":"dc727481-227b-4bb0-b5da-beb6165a42b4","ts":"2025-02-06T18:48:42.394+00:00","eventName":"n8n.node.started","message":"n8n.node.started","payload":{"workflowId":"OXkAGAkK9vTFdr3m","workflowName":"Knowledge Update Agent","executionId":"11","nodeType":"n8n-nodes-base.googleDriveTrigger","nodeName":"Google Drive Trigger1"}}
{"__type":"$$EventMessageConfirm","confirm":"dc727481-227b-4bb0-b5da-beb6165a42b4","ts":"2025-02-06T18:48:42.394+00:00","source":{"id":"0","name":"eventBus"}}
{"__type":"$$EventMessageNode","id":"c40b6394-ba34-4eee-82e8-e9f9c887b83b","ts":"2025-02-06T18:48:42.766+00:00","eventName":"n8n.node.finished","message":"n8n.node.finished","payload":{"workflowId":"OXkAGAkK9vTFdr3m","workflowName":"Knowledge Update Agent","executionId":"11","nodeType":"n8n-nodes-base.googleDriveTrigger","nodeName":"Google Drive Trigger1"}}
{"__type":"$$EventMessageConfirm","confirm":"c40b6394-ba34-4eee-82e8-e9f9c887b83b","ts":"2025-02-06T18:48:42.766+00:00","source":{"id":"0","name":"eventBus"}}
{"__type":"$$EventMessageWorkflow","id":"c8c649cd-b6f7-4c5a-9640-05f41ce2790f","ts":"2025-02-06T18:48:42.793+00:00","eventName":"n8n.workflow.success","message":"n8n.workflow.success","payload":{"executionId":"11","userId":"8d66868b-4fda-45d9-839d-e26ce91f0c5b","success":true,"isManual":true,"workflowId":"OXkAGAkK9vTFdr3m","workflowName":"Knowledge Update Agent"}}
{"__type":"$$EventMessageConfirm","confirm":"c8c649cd-b6f7-4c5a-9640-05f41ce2790f","ts":"2025-02-06T18:48:42.794+00:00","source":{"id":"0","name":"eventBus"}}
{"__type":"$$EventMessageWorkflow","id":"fd8735e8-d322-479b-807d-39e0603f3b57","ts":"2025-02-06T18:48:53.999+00:00","eventName":"n8n.workflow.started","message":"n8n.workflow.started","payload":{"executionId":"12","isManual":false}}
{"__type":"$$EventMessageConfirm","confirm":"fd8735e8-d322-479b-807d-39e0603f3b57","ts":"2025-02-06T18:48:53.999+00:00","source":{"id":"0","name":"eventBus"}}
{"__type":"$$EventMessageNode","id":"c7605a07-7d1b-421c-9aec-6b199f8212b1","ts":"2025-02-06T18:48:53.999+00:00","eventName":"n8n.node.started","message":"n8n.node.started","payload":{"workflowId":"OXkAGAkK9vTFdr3m","workflowName":"Knowledge Update Agent","executionId":"12","nodeType":"n8n-nodes-base.googleDriveTrigger","nodeName":"Google Drive Trigger"}}
{"__type":"$$EventMessageConfirm","confirm":"c7605a07-7d1b-421c-9aec-6b199f8212b1","ts":"2025-02-06T18:48:53.999+00:00","source":{"id":"0","name":"eventBus"}}
{"__type":"$$EventMessageNode","id":"a36fbc66-4165-4fff-b95e-f2b7763ed72c","ts":"2025-02-06T18:48:54.320+00:00","eventName":"n8n.node.finished","message":"n8n.node.finished","payload":{"workflowId":"OXkAGAkK9vTFdr3m","workflowName":"Knowledge Update Agent","executionId":"12","nodeType":"n8n-nodes-base.googleDriveTrigger","nodeName":"Google Drive Trigger"}}
{"__type":"$$EventMessageConfirm","confirm":"a36fbc66-4165-4fff-b95e-f2b7763ed72c","ts":"2025-02-06T18:48:54.320+00:00","source":{"id":"0","name":"eventBus"}}
{"__type":"$$EventMessageWorkflow","id":"a2b9a877-a178-424b-a7c4-bfb4e8780332","ts":"2025-02-06T18:48:54.345+00:00","eventName":"n8n.workflow.success","message":"n8n.workflow.success","payload":{"executionId":"12","userId":"8d66868b-4fda-45d9-839d-e26ce91f0c5b","success":true,"isManual":true,"workflowId":"OXkAGAkK9vTFdr3m","workflowName":"Knowledge Update Agent"}}
{"__type":"$$EventMessageConfirm","confirm":"a2b9a877-a178-424b-a7c4-bfb4e8780332","ts":"2025-02-06T18:48:54.345+00:00","source":{"id":"0","name":"eventBus"}}
{"__type":"$$EventMessageAudit","id":"5111c005-1afa-4efc-ad9d-27740d5d8eb9","ts":"2025-02-06T18:49:24.043+00:00","eventName":"n8n.audit.workflow.updated","message":"n8n.audit.workflow.updated","payload":{"userId":"8d66868b-4fda-45d9-839d-e26ce91f0c5b","_email":"cong.liu@childrens.harvard.edu","_firstName":"Admin","_lastName":"Admin","globalRole":"global:owner","workflowId":"OXkAGAkK9vTFdr3m","workflowName":"Knowledge Update Agent"}}
{"__type":"$$EventMessageConfirm","confirm":"5111c005-1afa-4efc-ad9d-27740d5d8eb9","ts":"2025-02-06T18:49:24.043+00:00","source":{"id":"0","name":"eventBus"}}
